Building DAG of jobs...
Using shell: /bin/bash
Provided cores: 1 (use --cores to define parallelism)
Rules claiming more threads will be scaled down.
Job stats:
job           count    min threads    max threads
----------  -------  -------------  -------------
all               1              1              1
index_cram        1              1              1
total             2              1              1

Select jobs to execute...

[Thu May 26 22:56:12 2022]
rule index_cram:
    input: /datafiles/alignments/HG00107.alt_bwamem_GRCh38DH.20150826.GBR.exome.cram
    output: /datafiles/alignments/HG00107.alt_bwamem_GRCh38DH.20150826.GBR.exome.cram.crai
    jobid: 1
    reason: Missing output files: /datafiles/alignments/HG00107.alt_bwamem_GRCh38DH.20150826.GBR.exome.cram.crai
    wildcards: sample=HG00107.alt_bwamem_GRCh38DH.20150826.GBR.exome
    resources: tmpdir=/tmp

[Thu May 26 22:56:12 2022]
Finished job 1.
1 of 2 steps (50%) done
Select jobs to execute...

[Thu May 26 22:56:12 2022]
localrule all:
    input: /datafiles/alignments/HG00107.alt_bwamem_GRCh38DH.20150826.GBR.exome.cram.crai
    jobid: 0
    reason: Input files updated by another job: /datafiles/alignments/HG00107.alt_bwamem_GRCh38DH.20150826.GBR.exome.cram.crai
    resources: tmpdir=/tmp

[Thu May 26 22:56:12 2022]
Finished job 0.
2 of 2 steps (100%) done
Complete log: .snakemake/log/2022-05-26T225612.089746.snakemake.log
